<?xml version="1.0" encoding="UTF-8"?>
<testsuite xmlns:xsi="http://www.w3.org/2001/XMLSchema-instance" xsi:noNamespaceSchemaLocation="https://maven.apache.org/surefire/maven-surefire-plugin/xsd/surefire-test-report.xsd" name="com.atguigu.test.IOCTest" time="0.448" tests="4" errors="1" skipped="0" failures="0">
  <properties>
[...]
</properties>
  <testcase name="test01" classname="com.atguigu.test.IOCTest" time="0.22">
    <error message="Failed to parse configuration class [com.atguigu.config.MainConfig]; nested exception is org.springframework.context.annotation.ConflictingBeanDefinitionException: Annotation-specified bean name &apos;userService&apos; for bean class [com.atguigu.tx.UserService] conflicts with existing, non-compatible bean definition of same name and class [com.atguigu.ext.UserService]" type="org.springframework.beans.factory.BeanDefinitionStoreException">org.springframework.beans.factory.BeanDefinitionStoreException: Failed to parse configuration class [com.atguigu.config.MainConfig]; nested exception is org.springframework.context.annotation.ConflictingBeanDefinitionException: Annotation-specified bean name 'userService' for bean class [com.atguigu.tx.UserService] conflicts with existing, non-compatible bean definition of same name and class [com.atguigu.ext.UserService]
	at com.atguigu.test.IOCTest.test01(IOCTest.java:77)
Caused by: org.springframework.context.annotation.ConflictingBeanDefinitionException: Annotation-specified bean name 'userService' for bean class [com.atguigu.tx.UserService] conflicts with existing, non-compatible bean definition of same name and class [com.atguigu.ext.UserService]
	at com.atguigu.test.IOCTest.test01(IOCTest.java:77)
</error>
    <system-out><![CDATA[------>com.atguigu.test.IOCTest
------>com.atguigu.test.IOCTest_AOP
------>com.atguigu.test.IOCTest_AutoWired
------>com.atguigu.test.IOCTest_Ext$1
------>com.atguigu.test.IOCTest_Ext
------>com.atguigu.test.IOCTest_LifeCycle
------>com.atguigu.test.IOCTest_Profile
------>com.atguigu.test.IOCTest_PropertyValue
------>com.atguigu.test.IOCTest_Tx
------>com.atguigu.aop.LogAspects
------>com.atguigu.aop.MathCalculator
------>com.atguigu.App
------>com.atguigu.bean.Blue
------>com.atguigu.bean.Boss
------>com.atguigu.bean.Car
------>com.atguigu.bean.Cat
------>com.atguigu.bean.Color
------>com.atguigu.bean.ColorFactoryBean
------>com.atguigu.bean.Dog
------>com.atguigu.bean.MyBeanPostProcessor
------>com.atguigu.bean.Person
------>com.atguigu.bean.RainBow
------>com.atguigu.bean.Red
------>com.atguigu.bean.Yellow
------>com.atguigu.condition.LinuxCondition
------>com.atguigu.condition.MyImportBeanDefinitionRegistrar
------>com.atguigu.condition.MyImportSelector
------>com.atguigu.condition.WindowsCondition
------>com.atguigu.config.MainConfig2
------>com.atguigu.config.MainConfigOfAOP
------>com.atguigu.config.MainConfigOfAutowired
------>com.atguigu.config.MainConfigOfLifeCycle
------>com.atguigu.config.MainConfigOfProfile
------>com.atguigu.config.MainConfigOfPropertyValues
------>com.atguigu.config.MyTypeFilter
------>com.atguigu.controller.BookController
------>com.atguigu.dao.BookDao
------>com.atguigu.ext.ExtConfig
------>com.atguigu.ext.MyApplicationListener
------>com.atguigu.ext.MyBeanDefinitionRegistryPostProcessor
------>com.atguigu.ext.MyBeanFactoryPostProcessor
------>com.atguigu.ext.UserService
------>com.atguigu.service.BookService
------>com.atguigu.tx.TxConfig
------>com.atguigu.tx.UserDao
------>com.atguigu.tx.UserService
]]></system-out>
    <system-err><![CDATA[六月 11, 2020 4:43:07 下午 org.springframework.context.annotation.AnnotationConfigApplicationContext prepareRefresh
信息: Refreshing org.springframework.context.annotation.AnnotationConfigApplicationContext@28864e92: startup date [Thu Jun 11 16:43:07 CST 2020]; root of context hierarchy
六月 11, 2020 4:43:07 下午 org.springframework.context.annotation.AnnotationConfigApplicationContext refresh
警告: Exception encountered during context initialization - cancelling refresh attempt: org.springframework.beans.factory.BeanDefinitionStoreException: Failed to parse configuration class [com.atguigu.config.MainConfig]; nested exception is org.springframework.context.annotation.ConflictingBeanDefinitionException: Annotation-specified bean name 'userService' for bean class [com.atguigu.tx.UserService] conflicts with existing, non-compatible bean definition of same name and class [com.atguigu.ext.UserService]
]]></system-err>
  </testcase>
  <testcase name="test02" classname="com.atguigu.test.IOCTest" time="0.141"/>
  <testcase name="test03" classname="com.atguigu.test.IOCTest" time="0.028"/>
  <testcase name="testImport" classname="com.atguigu.test.IOCTest" time="0.043"/>
</testsuite>